<?xml version="1.0" encoding="UTF-8"?>
<coverage generated="1520536484186" clover="3.2.0">
  <project timestamp="1520536484186" name="All files">
    <metrics statements="215" coveredstatements="215" conditionals="113" coveredconditionals="112" methods="39" coveredmethods="39" elements="367" coveredelements="366" complexity="0" loc="215" ncloc="215" packages="1" files="4" classes="4">
      <file name="CheckboxButton.tsx" path="/home/levente/WebstormProjects/IBT/src/components/CheckboxButton.tsx">
        <metrics statements="17" coveredstatements="17" conditionals="4" coveredconditionals="4" methods="3" coveredmethods="3"/>
        <line num="1" count="2" type="stmt"/>
        <line num="28" count="2" type="stmt"/>
        <line num="29" count="103" type="stmt"/>
        <line num="33" count="103" type="stmt"/>
        <line num="35" count="88" type="stmt"/>
        <line num="36" count="88" type="stmt"/>
        <line num="37" count="88" type="stmt"/>
        <line num="39" count="5" type="stmt"/>
        <line num="40" count="5" type="stmt"/>
        <line num="41" count="5" type="stmt"/>
        <line num="43" count="9" type="stmt"/>
        <line num="44" count="9" type="stmt"/>
        <line num="45" count="9" type="stmt"/>
        <line num="47" count="1" type="stmt"/>
        <line num="50" count="103" type="stmt"/>
        <line num="51" count="7" type="stmt"/>
        <line num="56" count="2" type="stmt"/>
      </file>
      <file name="ExpandButton.tsx" path="/home/levente/WebstormProjects/IBT/src/components/ExpandButton.tsx">
        <metrics statements="13" coveredstatements="13" conditionals="6" coveredconditionals="6" methods="3" coveredmethods="3"/>
        <line num="1" count="2" type="stmt"/>
        <line num="17" count="2" type="stmt"/>
        <line num="18" count="97" type="stmt"/>
        <line num="20" count="97" type="cond" truecount="2" falsecount="0"/>
        <line num="21" count="1" type="stmt"/>
        <line num="22" count="96" type="cond" truecount="2" falsecount="0"/>
        <line num="23" count="2" type="stmt"/>
        <line num="24" count="94" type="cond" truecount="2" falsecount="0"/>
        <line num="25" count="49" type="stmt"/>
        <line num="27" count="45" type="stmt"/>
        <line num="30" count="97" type="stmt"/>
        <line num="31" count="4" type="stmt"/>
        <line num="36" count="2" type="stmt"/>
      </file>
      <file name="Node.tsx" path="/home/levente/WebstormProjects/IBT/src/components/Node.tsx">
        <metrics statements="66" coveredstatements="66" conditionals="53" coveredconditionals="53" methods="8" coveredmethods="8"/>
        <line num="1" count="2" type="stmt"/>
        <line num="2" count="2" type="stmt"/>
        <line num="3" count="2" type="stmt"/>
        <line num="89" count="2" type="stmt"/>
        <line num="107" count="2" type="stmt"/>
        <line num="108" count="76" type="cond" truecount="2" falsecount="0"/>
        <line num="109" count="74" type="stmt"/>
        <line num="110" count="74" type="stmt"/>
        <line num="111" count="170" type="stmt"/>
        <line num="119" count="74" type="stmt"/>
        <line num="120" count="2" type="stmt"/>
        <line num="128" count="2" type="stmt"/>
        <line num="130" count="188" type="stmt"/>
        <line num="133" count="188" type="cond" truecount="2" falsecount="0"/>
        <line num="145" count="188" type="cond" truecount="5" falsecount="0"/>
        <line num="146" count="97" type="stmt"/>
        <line num="158" count="91" type="stmt"/>
        <line num="159" count="91" type="stmt"/>
        <line num="163" count="188" type="stmt"/>
        <line num="164" count="188" type="cond" truecount="2" falsecount="0"/>
        <line num="165" count="187" type="cond" truecount="4" falsecount="0"/>
        <line num="166" count="1" type="stmt"/>
        <line num="167" count="186" type="cond" truecount="2" falsecount="0"/>
        <line num="168" count="1" type="stmt"/>
        <line num="170" count="185" type="stmt"/>
        <line num="175" count="188" type="stmt"/>
        <line num="176" count="188" type="cond" truecount="2" falsecount="0"/>
        <line num="177" count="28" type="cond" truecount="2" falsecount="0"/>
        <line num="178" count="1" type="stmt"/>
        <line num="180" count="27" type="stmt"/>
        <line num="185" count="188" type="cond" truecount="4" falsecount="0"/>
        <line num="186" count="165" type="stmt"/>
        <line num="190" count="188" type="stmt"/>
        <line num="196" count="188" type="cond" truecount="2" falsecount="0"/>
        <line num="197" count="187" type="stmt"/>
        <line num="198" count="187" type="stmt"/>
        <line num="200" count="1" type="stmt"/>
        <line num="201" count="1" type="stmt"/>
        <line num="205" count="188" type="cond" truecount="2" falsecount="0"/>
        <line num="206" count="1" type="stmt"/>
        <line num="209" count="188" type="cond" truecount="2" falsecount="0"/>
        <line num="210" count="13" type="stmt"/>
        <line num="213" count="188" type="cond" truecount="2" falsecount="0"/>
        <line num="214" count="28" type="stmt"/>
        <line num="217" count="188" type="stmt"/>
        <line num="237" count="145" type="cond" truecount="2" falsecount="0"/>
        <line num="239" count="145" type="cond" truecount="2" falsecount="0"/>
        <line num="240" count="23" type="stmt"/>
        <line num="243" count="145" type="stmt"/>
        <line num="245" count="145" type="stmt"/>
        <line num="246" count="145" type="stmt"/>
        <line num="247" count="145" type="stmt"/>
        <line num="254" count="2" type="stmt"/>
        <line num="255" count="7" type="cond" truecount="4" falsecount="0"/>
        <line num="256" count="6" type="stmt"/>
        <line num="266" count="2" type="stmt"/>
        <line num="267" count="4" type="cond" truecount="4" falsecount="0"/>
        <line num="268" count="3" type="stmt"/>
        <line num="271" count="4" type="stmt"/>
        <line num="278" count="2" type="stmt"/>
        <line num="279" count="9" type="cond" truecount="4" falsecount="0"/>
        <line num="280" count="8" type="stmt"/>
        <line num="288" count="2" type="stmt"/>
        <line num="289" count="188" type="stmt"/>
        <line num="291" count="2" type="stmt"/>
        <line num="296" count="2" type="stmt"/>
      </file>
      <file name="Tree.tsx" path="/home/levente/WebstormProjects/IBT/src/components/Tree.tsx">
        <metrics statements="119" coveredstatements="119" conditionals="50" coveredconditionals="49" methods="25" coveredmethods="25"/>
        <line num="1" count="1" type="stmt"/>
        <line num="2" count="1" type="stmt"/>
        <line num="3" count="1" type="stmt"/>
        <line num="4" count="1" type="stmt"/>
        <line num="5" count="1" type="stmt"/>
        <line num="60" count="1" type="stmt"/>
        <line num="88" count="312" type="cond" truecount="2" falsecount="0"/>
        <line num="89" count="228" type="stmt"/>
        <line num="91" count="228" type="stmt"/>
        <line num="92" count="455" type="cond" truecount="2" falsecount="0"/>
        <line num="93" count="196" type="stmt"/>
        <line num="95" count="259" type="stmt"/>
        <line num="98" count="455" type="cond" truecount="2" falsecount="0"/>
        <line num="99" count="258" type="stmt"/>
        <line num="109" count="455" type="cond" truecount="2" falsecount="0"/>
        <line num="110" count="142" type="stmt"/>
        <line num="113" count="228" type="stmt"/>
        <line num="125" count="1" type="stmt"/>
        <line num="126" count="66" type="stmt"/>
        <line num="127" count="114" type="stmt"/>
        <line num="130" count="66" type="stmt"/>
        <line num="131" count="66" type="stmt"/>
        <line num="132" count="48" type="stmt"/>
        <line num="135" count="66" type="stmt"/>
        <line num="145" count="1" type="stmt"/>
        <line num="146" count="41" type="stmt"/>
        <line num="147" count="76" type="stmt"/>
        <line num="152" count="21" type="stmt"/>
        <line num="153" count="21" type="stmt"/>
        <line num="157" count="20" type="stmt"/>
        <line num="158" count="20" type="stmt"/>
        <line num="159" count="15" type="stmt"/>
        <line num="173" count="1" type="stmt"/>
        <line num="174" count="20" type="stmt"/>
        <line num="184" count="1" type="stmt"/>
        <line num="185" count="6" type="stmt"/>
        <line num="195" count="1" type="stmt"/>
        <line num="196" count="2" type="stmt"/>
        <line num="206" count="1" type="stmt"/>
        <line num="207" count="13" type="stmt"/>
        <line num="217" count="1" type="stmt"/>
        <line num="218" count="3" type="stmt"/>
        <line num="228" count="1" type="stmt"/>
        <line num="229" count="7" type="stmt"/>
        <line num="238" count="1" type="stmt"/>
        <line num="239" count="214" type="stmt"/>
        <line num="240" count="214" type="cond" truecount="2" falsecount="0"/>
        <line num="241" count="95" type="stmt"/>
        <line num="242" count="189" type="stmt"/>
        <line num="243" count="189" type="cond" truecount="2" falsecount="0"/>
        <line num="244" count="118" type="stmt"/>
        <line num="248" count="214" type="stmt"/>
        <line num="257" count="1" type="stmt"/>
        <line num="258" count="25" type="stmt"/>
        <line num="259" count="25" type="stmt"/>
        <line num="260" count="25" type="stmt"/>
        <line num="261" count="71" type="stmt"/>
        <line num="263" count="25" type="stmt"/>
        <line num="271" count="1" type="stmt"/>
        <line num="272" count="25" type="stmt"/>
        <line num="288" count="19" type="cond" truecount="2" falsecount="0"/>
        <line num="332" count="1" type="stmt"/>
        <line num="333" count="12" type="stmt"/>
        <line num="336" count="5" type="stmt"/>
        <line num="340" count="7" type="stmt"/>
        <line num="341" count="7" type="stmt"/>
        <line num="343" count="7" type="stmt"/>
        <line num="344" count="7" type="stmt"/>
        <line num="345" count="13" type="cond" truecount="2" falsecount="0"/>
        <line num="346" count="13" type="stmt"/>
        <line num="350" count="3" type="stmt"/>
        <line num="351" count="3" type="stmt"/>
        <line num="354" count="10" type="cond" truecount="2" falsecount="0"/>
        <line num="355" count="5" type="stmt"/>
        <line num="361" count="4" type="cond" truecount="2" falsecount="0"/>
        <line num="362" count="1" type="stmt"/>
        <line num="363" count="3" type="cond" truecount="1" falsecount="1"/>
        <line num="364" count="3" type="stmt"/>
        <line num="368" count="7" type="cond" truecount="2" falsecount="0"/>
        <line num="369" count="5" type="stmt"/>
        <line num="372" count="7" type="stmt"/>
        <line num="383" count="20" type="cond" truecount="2" falsecount="0"/>
        <line num="384" count="13" type="stmt"/>
        <line num="386" count="13" type="cond" truecount="4" falsecount="0"/>
        <line num="387" count="5" type="stmt"/>
        <line num="390" count="13" type="cond" truecount="2" falsecount="0"/>
        <line num="391" count="4" type="cond" truecount="2" falsecount="0"/>
        <line num="394" count="3" type="stmt"/>
        <line num="395" count="7" type="stmt"/>
        <line num="407" count="19" type="stmt"/>
        <line num="408" count="6" type="stmt"/>
        <line num="409" count="6" type="stmt"/>
        <line num="419" count="19" type="stmt"/>
        <line num="420" count="4" type="stmt"/>
        <line num="430" count="19" type="stmt"/>
        <line num="431" count="21" type="cond" truecount="2" falsecount="0"/>
        <line num="432" count="18" type="cond" truecount="2" falsecount="0"/>
        <line num="433" count="1" type="stmt"/>
        <line num="435" count="17" type="stmt"/>
        <line num="450" count="19" type="stmt"/>
        <line num="453" count="8" type="cond" truecount="4" falsecount="0"/>
        <line num="454" count="2" type="cond" truecount="2" falsecount="0"/>
        <line num="455" count="1" type="stmt"/>
        <line num="457" count="6" type="cond" truecount="4" falsecount="0"/>
        <line num="460" count="4" type="cond" truecount="2" falsecount="0"/>
        <line num="461" count="3" type="stmt"/>
        <line num="465" count="4" type="stmt"/>
        <line num="468" count="2" type="stmt"/>
        <line num="469" count="2" type="stmt"/>
        <line num="478" count="19" type="stmt"/>
        <line num="479" count="3" type="stmt"/>
        <line num="484" count="1" type="stmt"/>
        <line num="485" count="1" type="stmt"/>
        <line num="486" count="1" type="stmt"/>
        <line num="492" count="2" type="stmt"/>
        <line num="493" count="1" type="stmt"/>
        <line num="494" count="1" type="stmt"/>
        <line num="500" count="1" type="stmt"/>
        <line num="503" count="1" type="stmt"/>
      </file>
    </metrics>
  </project>
</coverage>
