{"/home/levente/WebstormProjects/IBT/src/components/CheckboxButton.tsx": {"path":"/home/levente/WebstormProjects/IBT/src/components/CheckboxButton.tsx","statementMap":{"0":{"start":{"line":1,"column":0},"end":{"line":1,"column":30}},"1":{"start":{"line":28,"column":0},"end":{"line":28,"column":51}},"2":{"start":{"line":28,"column":36},"end":{"line":28,"column":76}},"3":{"start":{"line":29,"column":4},"end":{"line":55,"column":5}},"4":{"start":{"line":29,"column":4},"end":{"line":55,"column":4}},"5":{"start":{"line":33,"column":8},"end":{"line":48,"column":9}},"6":{"start":{"line":35,"column":16},"end":{"line":35,"column":66}},"7":{"start":{"line":36,"column":16},"end":{"line":36,"column":33}},"8":{"start":{"line":37,"column":16},"end":{"line":37,"column":22}},"9":{"start":{"line":39,"column":16},"end":{"line":39,"column":73}},"10":{"start":{"line":40,"column":16},"end":{"line":40,"column":33}},"11":{"start":{"line":41,"column":16},"end":{"line":41,"column":22}},"12":{"start":{"line":43,"column":16},"end":{"line":43,"column":64}},"13":{"start":{"line":44,"column":16},"end":{"line":44,"column":34}},"14":{"start":{"line":45,"column":16},"end":{"line":45,"column":22}},"15":{"start":{"line":47,"column":16},"end":{"line":47,"column":63}},"16":{"start":{"line":50,"column":8},"end":{"line":54,"column":10}},"17":{"start":{"line":51,"column":60},"end":{"line":51,"column":90}},"18":{"start":{"line":56,"column":0},"end":{"line":56,"column":1}},"19":{"start":{"line":28,"column":13},"end":{"line":28,"column":27}}},"fnMap":{"0":{"name":"(anonymous_5)","decl":{"start":{"line":28,"column":0},"end":{"line":null,"column":-1}},"loc":{"start":{"line":28,"column":0},"end":{"line":28,"column":-1}}},"1":{"name":"(anonymous_7)","decl":{"start":{"line":29,"column":4},"end":{"line":null,"column":-1}},"loc":{"start":{"line":29,"column":4},"end":{"line":55,"column":5}}},"2":{"name":"(anonymous_8)","decl":{"start":{"line":51,"column":54},"end":{"line":51,"column":59}},"loc":{"start":{"line":51,"column":54},"end":{"line":51,"column":90}}}},"branchMap":{"0":{"loc":{"start":{"line":34,"column":12},"end":{"line":37,"column":22}},"type":"switch","locations":[{"start":{"line":34,"column":12},"end":{"line":37,"column":22}},{"start":{"line":38,"column":12},"end":{"line":41,"column":22}},{"start":{"line":42,"column":12},"end":{"line":45,"column":22}},{"start":{"line":46,"column":12},"end":{"line":47,"column":63}}]}},"s":{"0":2,"1":2,"2":2,"3":2,"4":103,"5":103,"6":88,"7":88,"8":88,"9":5,"10":5,"11":5,"12":9,"13":9,"14":9,"15":1,"16":103,"17":7,"18":2,"19":2},"f":{"0":83,"1":103,"2":7},"b":{"0":[88,5,9,1]}}
,"/home/levente/WebstormProjects/IBT/src/components/ExpandButton.tsx": {"path":"/home/levente/WebstormProjects/IBT/src/components/ExpandButton.tsx","statementMap":{"0":{"start":{"line":1,"column":0},"end":{"line":1,"column":30}},"1":{"start":{"line":17,"column":0},"end":{"line":17,"column":49}},"2":{"start":{"line":17,"column":34},"end":{"line":17,"column":72}},"3":{"start":{"line":18,"column":4},"end":{"line":35,"column":5}},"4":{"start":{"line":18,"column":4},"end":{"line":35,"column":4}},"5":{"start":{"line":20,"column":8},"end":{"line":28,"column":9}},"6":{"start":{"line":21,"column":12},"end":{"line":21,"column":60}},"7":{"start":{"line":22,"column":15},"end":{"line":28,"column":9}},"8":{"start":{"line":23,"column":12},"end":{"line":23,"column":58}},"9":{"start":{"line":24,"column":15},"end":{"line":28,"column":9}},"10":{"start":{"line":25,"column":12},"end":{"line":25,"column":61}},"11":{"start":{"line":27,"column":12},"end":{"line":27,"column":59}},"12":{"start":{"line":30,"column":8},"end":{"line":34,"column":10}},"13":{"start":{"line":31,"column":60},"end":{"line":31,"column":101}},"14":{"start":{"line":36,"column":0},"end":{"line":36,"column":1}},"15":{"start":{"line":17,"column":13},"end":{"line":17,"column":25}}},"fnMap":{"0":{"name":"(anonymous_5)","decl":{"start":{"line":17,"column":0},"end":{"line":null,"column":-1}},"loc":{"start":{"line":17,"column":0},"end":{"line":17,"column":-1}}},"1":{"name":"(anonymous_7)","decl":{"start":{"line":18,"column":4},"end":{"line":null,"column":-1}},"loc":{"start":{"line":18,"column":4},"end":{"line":35,"column":5}}},"2":{"name":"(anonymous_8)","decl":{"start":{"line":31,"column":54},"end":{"line":31,"column":59}},"loc":{"start":{"line":31,"column":54},"end":{"line":31,"column":101}}}},"branchMap":{"0":{"loc":{"start":{"line":20,"column":8},"end":{"line":28,"column":9}},"type":"if","locations":[{"start":{"line":20,"column":8},"end":{"line":28,"column":9}},{"start":{"line":20,"column":8},"end":{"line":28,"column":9}}]},"1":{"loc":{"start":{"line":22,"column":15},"end":{"line":28,"column":9}},"type":"if","locations":[{"start":{"line":22,"column":15},"end":{"line":28,"column":9}},{"start":{"line":22,"column":15},"end":{"line":28,"column":9}}]},"2":{"loc":{"start":{"line":24,"column":15},"end":{"line":28,"column":9}},"type":"if","locations":[{"start":{"line":24,"column":15},"end":{"line":28,"column":9}},{"start":{"line":24,"column":15},"end":{"line":28,"column":9}}]}},"s":{"0":2,"1":2,"2":2,"3":2,"4":97,"5":97,"6":1,"7":96,"8":2,"9":94,"10":49,"11":45,"12":97,"13":4,"14":2,"15":2},"f":{"0":75,"1":97,"2":4},"b":{"0":[1,96],"1":[2,94],"2":[49,45]}}
,"/home/levente/WebstormProjects/IBT/src/components/Node.tsx": {"path":"/home/levente/WebstormProjects/IBT/src/components/Node.tsx","statementMap":{"0":{"start":{"line":1,"column":0},"end":{"line":1,"column":30}},"1":{"start":{"line":2,"column":0},"end":{"line":2,"column":73}},"2":{"start":{"line":3,"column":0},"end":{"line":3,"column":67}},"3":{"start":{"line":89,"column":0},"end":{"line":89,"column":41}},"4":{"start":{"line":89,"column":26},"end":{"line":89,"column":56}},"5":{"start":{"line":237,"column":8},"end":{"line":237,"column":20}},"6":{"start":{"line":239,"column":8},"end":{"line":241,"column":9}},"7":{"start":{"line":240,"column":12},"end":{"line":240,"column":66}},"8":{"start":{"line":243,"column":8},"end":{"line":243,"column":56}},"9":{"start":{"line":245,"column":8},"end":{"line":245,"column":61}},"10":{"start":{"line":246,"column":8},"end":{"line":246,"column":67}},"11":{"start":{"line":247,"column":8},"end":{"line":247,"column":65}},"12":{"start":{"line":107,"column":18},"end":{"line":121,"column":5}},"13":{"start":{"line":108,"column":8},"end":{"line":120,"column":31}},"14":{"start":{"line":109,"column":42},"end":{"line":109,"column":44}},"15":{"start":{"line":110,"column":12},"end":{"line":118,"column":13}},"16":{"start":{"line":111,"column":16},"end":{"line":117,"column":18}},"17":{"start":{"line":119,"column":12},"end":{"line":119,"column":28}},"18":{"start":{"line":120,"column":17},"end":{"line":120,"column":29}},"19":{"start":{"line":128,"column":11},"end":{"line":230,"column":5}},"20":{"start":{"line":130,"column":26},"end":{"line":130,"column":62}},"21":{"start":{"line":133,"column":25},"end":{"line":141,"column":16}},"22":{"start":{"line":145,"column":8},"end":{"line":160,"column":9}},"23":{"start":{"line":146,"column":12},"end":{"line":156,"column":14}},"24":{"start":{"line":158,"column":12},"end":{"line":158,"column":30}},"25":{"start":{"line":159,"column":12},"end":{"line":159,"column":43}},"26":{"start":{"line":163,"column":32},"end":{"line":163,"column":36}},"27":{"start":{"line":164,"column":8},"end":{"line":172,"column":9}},"28":{"start":{"line":165,"column":12},"end":{"line":171,"column":13}},"29":{"start":{"line":166,"column":16},"end":{"line":166,"column":81}},"30":{"start":{"line":167,"column":19},"end":{"line":171,"column":13}},"31":{"start":{"line":168,"column":16},"end":{"line":168,"column":56}},"32":{"start":{"line":170,"column":16},"end":{"line":170,"column":71}},"33":{"start":{"line":175,"column":40},"end":{"line":175,"column":44}},"34":{"start":{"line":176,"column":8},"end":{"line":182,"column":9}},"35":{"start":{"line":177,"column":12},"end":{"line":181,"column":13}},"36":{"start":{"line":178,"column":16},"end":{"line":178,"column":72}},"37":{"start":{"line":180,"column":16},"end":{"line":180,"column":83}},"38":{"start":{"line":185,"column":8},"end":{"line":187,"column":9}},"39":{"start":{"line":186,"column":12},"end":{"line":186,"column":41}},"40":{"start":{"line":190,"column":24},"end":{"line":192,"column":16}},"41":{"start":{"line":196,"column":8},"end":{"line":202,"column":9}},"42":{"start":{"line":197,"column":12},"end":{"line":197,"column":29}},"43":{"start":{"line":198,"column":12},"end":{"line":198,"column":25}},"44":{"start":{"line":200,"column":12},"end":{"line":200,"column":25}},"45":{"start":{"line":201,"column":12},"end":{"line":201,"column":29}},"46":{"start":{"line":205,"column":8},"end":{"line":207,"column":9}},"47":{"start":{"line":206,"column":12},"end":{"line":206,"column":52}},"48":{"start":{"line":209,"column":8},"end":{"line":211,"column":9}},"49":{"start":{"line":210,"column":12},"end":{"line":210,"column":76}},"50":{"start":{"line":213,"column":8},"end":{"line":215,"column":9}},"51":{"start":{"line":214,"column":12},"end":{"line":214,"column":69}},"52":{"start":{"line":217,"column":8},"end":{"line":229,"column":10}},"53":{"start":{"line":254,"column":12},"end":{"line":258,"column":5}},"54":{"start":{"line":255,"column":8},"end":{"line":257,"column":9}},"55":{"start":{"line":256,"column":12},"end":{"line":256,"column":75}},"56":{"start":{"line":266,"column":12},"end":{"line":272,"column":5}},"57":{"start":{"line":267,"column":8},"end":{"line":269,"column":9}},"58":{"start":{"line":268,"column":12},"end":{"line":268,"column":60}},"59":{"start":{"line":271,"column":8},"end":{"line":271,"column":70}},"60":{"start":{"line":278,"column":12},"end":{"line":282,"column":5}},"61":{"start":{"line":279,"column":8},"end":{"line":281,"column":9}},"62":{"start":{"line":280,"column":12},"end":{"line":280,"column":92}},"63":{"start":{"line":288,"column":12},"end":{"line":290,"column":5}},"64":{"start":{"line":289,"column":8},"end":{"line":289,"column":53}},"65":{"start":{"line":291,"column":0},"end":{"line":291,"column":1}},"66":{"start":{"line":89,"column":13},"end":{"line":89,"column":17}},"67":{"start":{"line":296,"column":0},"end":{"line":321,"column":2}}},"fnMap":{"0":{"name":"(anonymous_6)","decl":{"start":{"line":89,"column":0},"end":{"line":null,"column":-1}},"loc":{"start":{"line":89,"column":0},"end":{"line":89,"column":-1}}},"1":{"name":"Node","decl":{"start":{"line":236,"column":4},"end":{"line":236,"column":23}},"loc":{"start":{"line":236,"column":40},"end":{"line":248,"column":5}}},"2":{"name":"(anonymous_8)","decl":{"start":{"line":107,"column":4},"end":{"line":107,"column":31}},"loc":{"start":{"line":107,"column":74},"end":{"line":121,"column":5}}},"3":{"name":"(anonymous_9)","decl":{"start":{"line":128,"column":4},"end":{"line":null,"column":-1}},"loc":{"start":{"line":128,"column":4},"end":{"line":230,"column":5}}},"4":{"name":"(anonymous_10)","decl":{"start":{"line":254,"column":4},"end":{"line":254,"column":29}},"loc":{"start":{"line":254,"column":46},"end":{"line":258,"column":5}}},"5":{"name":"(anonymous_11)","decl":{"start":{"line":266,"column":4},"end":{"line":266,"column":28}},"loc":{"start":{"line":266,"column":46},"end":{"line":272,"column":5}}},"6":{"name":"(anonymous_12)","decl":{"start":{"line":278,"column":4},"end":{"line":null,"column":-1}},"loc":{"start":{"line":278,"column":4},"end":{"line":282,"column":5}}},"7":{"name":"(anonymous_13)","decl":{"start":{"line":288,"column":4},"end":{"line":null,"column":-1}},"loc":{"start":{"line":288,"column":4},"end":{"line":290,"column":5}}}},"branchMap":{"0":{"loc":{"start":{"line":237,"column":8},"end":{"line":237,"column":20}},"type":"binary-expr","locations":[{"start":{"line":237,"column":8},"end":{"line":237,"column":20}},{"start":{"line":237,"column":20},"end":{"line":248,"column":4}}]},"1":{"loc":{"start":{"line":239,"column":8},"end":{"line":241,"column":9}},"type":"if","locations":[{"start":{"line":239,"column":8},"end":{"line":241,"column":9}},{"start":{"line":239,"column":8},"end":{"line":241,"column":9}}]},"2":{"loc":{"start":{"line":108,"column":8},"end":{"line":120,"column":31}},"type":"if","locations":[{"start":{"line":108,"column":8},"end":{"line":120,"column":31}},{"start":{"line":108,"column":8},"end":{"line":120,"column":31}}]},"3":{"loc":{"start":{"line":134,"column":12},"end":{"line":140,"column":14}},"type":"cond-expr","locations":[{"start":{"line":134,"column":12},"end":{"line":140,"column":14}},{"start":{"line":141,"column":12},"end":{"line":141,"column":16}}]},"4":{"loc":{"start":{"line":133,"column":25},"end":{"line":133,"column":49}},"type":"binary-expr","locations":[{"start":{"line":133,"column":25},"end":{"line":133,"column":49}},{"start":{"line":133,"column":53},"end":{"line":133,"column":87}}]},"5":{"loc":{"start":{"line":145,"column":8},"end":{"line":160,"column":9}},"type":"if","locations":[{"start":{"line":145,"column":8},"end":{"line":160,"column":9}},{"start":{"line":145,"column":8},"end":{"line":160,"column":9}}]},"6":{"loc":{"start":{"line":145,"column":15},"end":{"line":145,"column":31}},"type":"binary-expr","locations":[{"start":{"line":145,"column":15},"end":{"line":145,"column":31}},{"start":{"line":145,"column":35},"end":{"line":145,"column":62}},{"start":{"line":145,"column":68},"end":{"line":145,"column":88}}]},"7":{"loc":{"start":{"line":164,"column":8},"end":{"line":172,"column":9}},"type":"if","locations":[{"start":{"line":164,"column":8},"end":{"line":172,"column":9}},{"start":{"line":164,"column":8},"end":{"line":172,"column":9}}]},"8":{"loc":{"start":{"line":165,"column":12},"end":{"line":171,"column":13}},"type":"if","locations":[{"start":{"line":165,"column":12},"end":{"line":171,"column":13}},{"start":{"line":165,"column":12},"end":{"line":171,"column":13}}]},"9":{"loc":{"start":{"line":165,"column":17},"end":{"line":165,"column":48}},"type":"binary-expr","locations":[{"start":{"line":165,"column":17},"end":{"line":165,"column":48}},{"start":{"line":165,"column":52},"end":{"line":165,"column":69}}]},"10":{"loc":{"start":{"line":167,"column":19},"end":{"line":171,"column":13}},"type":"if","locations":[{"start":{"line":167,"column":19},"end":{"line":171,"column":13}},{"start":{"line":167,"column":19},"end":{"line":171,"column":13}}]},"11":{"loc":{"start":{"line":176,"column":8},"end":{"line":182,"column":9}},"type":"if","locations":[{"start":{"line":176,"column":8},"end":{"line":182,"column":9}},{"start":{"line":176,"column":8},"end":{"line":182,"column":9}}]},"12":{"loc":{"start":{"line":177,"column":12},"end":{"line":181,"column":13}},"type":"if","locations":[{"start":{"line":177,"column":12},"end":{"line":181,"column":13}},{"start":{"line":177,"column":12},"end":{"line":181,"column":13}}]},"13":{"loc":{"start":{"line":185,"column":8},"end":{"line":187,"column":9}},"type":"if","locations":[{"start":{"line":185,"column":8},"end":{"line":187,"column":9}},{"start":{"line":185,"column":8},"end":{"line":187,"column":9}}]},"14":{"loc":{"start":{"line":185,"column":13},"end":{"line":185,"column":34}},"type":"binary-expr","locations":[{"start":{"line":185,"column":13},"end":{"line":185,"column":34}},{"start":{"line":185,"column":38},"end":{"line":185,"column":65}}]},"15":{"loc":{"start":{"line":191,"column":12},"end":{"line":191,"column":71}},"type":"cond-expr","locations":[{"start":{"line":191,"column":12},"end":{"line":191,"column":71}},{"start":{"line":192,"column":12},"end":{"line":192,"column":16}}]},"16":{"loc":{"start":{"line":196,"column":8},"end":{"line":202,"column":9}},"type":"if","locations":[{"start":{"line":196,"column":8},"end":{"line":202,"column":9}},{"start":{"line":196,"column":8},"end":{"line":202,"column":9}}]},"17":{"loc":{"start":{"line":205,"column":8},"end":{"line":207,"column":9}},"type":"if","locations":[{"start":{"line":205,"column":8},"end":{"line":207,"column":9}},{"start":{"line":205,"column":8},"end":{"line":207,"column":9}}]},"18":{"loc":{"start":{"line":209,"column":8},"end":{"line":211,"column":9}},"type":"if","locations":[{"start":{"line":209,"column":8},"end":{"line":211,"column":9}},{"start":{"line":209,"column":8},"end":{"line":211,"column":9}}]},"19":{"loc":{"start":{"line":213,"column":8},"end":{"line":215,"column":9}},"type":"if","locations":[{"start":{"line":213,"column":8},"end":{"line":215,"column":9}},{"start":{"line":213,"column":8},"end":{"line":215,"column":9}}]},"20":{"loc":{"start":{"line":255,"column":8},"end":{"line":257,"column":9}},"type":"if","locations":[{"start":{"line":255,"column":8},"end":{"line":257,"column":9}},{"start":{"line":255,"column":8},"end":{"line":257,"column":9}}]},"21":{"loc":{"start":{"line":255,"column":13},"end":{"line":255,"column":33}},"type":"binary-expr","locations":[{"start":{"line":255,"column":13},"end":{"line":255,"column":33}},{"start":{"line":255,"column":37},"end":{"line":255,"column":64}}]},"22":{"loc":{"start":{"line":267,"column":8},"end":{"line":269,"column":9}},"type":"if","locations":[{"start":{"line":267,"column":8},"end":{"line":269,"column":9}},{"start":{"line":267,"column":8},"end":{"line":269,"column":9}}]},"23":{"loc":{"start":{"line":267,"column":13},"end":{"line":267,"column":32}},"type":"binary-expr","locations":[{"start":{"line":267,"column":13},"end":{"line":267,"column":32}},{"start":{"line":267,"column":36},"end":{"line":267,"column":62}}]},"24":{"loc":{"start":{"line":279,"column":8},"end":{"line":281,"column":9}},"type":"if","locations":[{"start":{"line":279,"column":8},"end":{"line":281,"column":9}},{"start":{"line":279,"column":8},"end":{"line":281,"column":9}}]},"25":{"loc":{"start":{"line":279,"column":13},"end":{"line":279,"column":34}},"type":"binary-expr","locations":[{"start":{"line":279,"column":13},"end":{"line":279,"column":34}},{"start":{"line":279,"column":38},"end":{"line":279,"column":65}}]}},"s":{"0":2,"1":2,"2":2,"3":2,"4":2,"5":145,"6":145,"7":23,"8":145,"9":145,"10":145,"11":145,"12":2,"13":76,"14":74,"15":74,"16":170,"17":74,"18":2,"19":2,"20":188,"21":188,"22":188,"23":97,"24":91,"25":91,"26":188,"27":188,"28":187,"29":1,"30":186,"31":1,"32":185,"33":188,"34":188,"35":28,"36":1,"37":27,"38":188,"39":165,"40":188,"41":188,"42":187,"43":187,"44":1,"45":1,"46":188,"47":1,"48":188,"49":13,"50":188,"51":28,"52":188,"53":2,"54":7,"55":6,"56":2,"57":4,"58":3,"59":4,"60":2,"61":9,"62":8,"63":2,"64":188,"65":2,"66":2,"67":2},"f":{"0":2,"1":145,"2":76,"3":188,"4":7,"5":4,"6":9,"7":188},"b":{"0":[145,145],"1":[23,122],"2":[74,2],"3":[103,85],"4":[188,185],"5":[97,91],"6":[188,73,115],"7":[187,1],"8":[1,186],"9":[187,187],"10":[1,185],"11":[28,160],"12":[1,27],"13":[165,23],"14":[188,188],"15":[51,137],"16":[187,1],"17":[1,187],"18":[13,175],"19":[28,160],"20":[6,1],"21":[7,7],"22":[3,1],"23":[4,3],"24":[8,1],"25":[9,9]}}
,"/home/levente/WebstormProjects/IBT/src/components/Tree.tsx": {"path":"/home/levente/WebstormProjects/IBT/src/components/Tree.tsx","statementMap":{"0":{"start":{"line":1,"column":0},"end":{"line":1,"column":30}},"1":{"start":{"line":2,"column":0},"end":{"line":2,"column":47}},"2":{"start":{"line":3,"column":0},"end":{"line":3,"column":52}},"3":{"start":{"line":4,"column":0},"end":{"line":4,"column":20}},"4":{"start":{"line":5,"column":0},"end":{"line":5,"column":34}},"5":{"start":{"line":60,"column":0},"end":{"line":60,"column":32}},"6":{"start":{"line":60,"column":26},"end":{"line":60,"column":63}},"7":{"start":{"line":288,"column":4},"end":{"line":289,"column":7}},"8":{"start":{"line":407,"column":12},"end":{"line":410,"column":5}},"9":{"start":{"line":408,"column":12},"end":{"line":408,"column":29}},"10":{"start":{"line":409,"column":8},"end":{"line":409,"column":47}},"11":{"start":{"line":419,"column":12},"end":{"line":421,"column":5}},"12":{"start":{"line":420,"column":8},"end":{"line":420,"column":54}},"13":{"start":{"line":430,"column":12},"end":{"line":438,"column":5}},"14":{"start":{"line":431,"column":8},"end":{"line":437,"column":9}},"15":{"start":{"line":432,"column":12},"end":{"line":436,"column":13}},"16":{"start":{"line":433,"column":16},"end":{"line":433,"column":62}},"17":{"start":{"line":435,"column":16},"end":{"line":435,"column":36}},"18":{"start":{"line":450,"column":12},"end":{"line":471,"column":5}},"19":{"start":{"line":453,"column":8},"end":{"line":470,"column":9}},"20":{"start":{"line":454,"column":12},"end":{"line":456,"column":13}},"21":{"start":{"line":455,"column":16},"end":{"line":455,"column":77}},"22":{"start":{"line":457,"column":15},"end":{"line":470,"column":9}},"23":{"start":{"line":460,"column":12},"end":{"line":462,"column":13}},"24":{"start":{"line":461,"column":16},"end":{"line":461,"column":59}},"25":{"start":{"line":457,"column":58},"end":{"line":464,"column":23}},"26":{"start":{"line":465,"column":12},"end":{"line":465,"column":17}},"27":{"start":{"line":468,"column":12},"end":{"line":468,"column":58}},"28":{"start":{"line":469,"column":12},"end":{"line":469,"column":17}},"29":{"start":{"line":478,"column":12},"end":{"line":502,"column":5}},"30":{"start":{"line":479,"column":12},"end":{"line":479,"column":18}},"31":{"start":{"line":484,"column":12},"end":{"line":483,"column":43}},"32":{"start":{"line":485,"column":12},"end":{"line":485,"column":51}},"33":{"start":{"line":486,"column":12},"end":{"line":null,"column":-1}},"34":{"start":{"line":492,"column":8},"end":{"line":501,"column":9}},"35":{"start":{"line":493,"column":12},"end":{"line":493,"column":32}},"36":{"start":{"line":494,"column":12},"end":{"line":494,"column":49}},"37":{"start":{"line":500,"column":12},"end":{"line":500,"column":51}},"38":{"start":{"line":88,"column":18},"end":{"line":114,"column":5}},"39":{"start":{"line":88,"column":46},"end":{"line":88,"column":45}},"40":{"start":{"line":89,"column":12},"end":{"line":89,"column":22}},"41":{"start":{"line":91,"column":8},"end":{"line":112,"column":9}},"42":{"start":{"line":92,"column":12},"end":{"line":91,"column":50}},"43":{"start":{"line":93,"column":16},"end":{"line":93,"column":35}},"44":{"start":{"line":95,"column":16},"end":{"line":95,"column":50}},"45":{"start":{"line":98,"column":12},"end":{"line":100,"column":13}},"46":{"start":{"line":99,"column":16},"end":{"line":99,"column":36}},"47":{"start":{"line":109,"column":12},"end":{"line":111,"column":13}},"48":{"start":{"line":110,"column":16},"end":{"line":110,"column":81}},"49":{"start":{"line":113,"column":8},"end":{"line":113,"column":15}},"50":{"start":{"line":125,"column":18},"end":{"line":136,"column":5}},"51":{"start":{"line":126,"column":8},"end":{"line":126,"column":12}},"52":{"start":{"line":127,"column":12},"end":{"line":127,"column":36}},"53":{"start":{"line":130,"column":12},"end":{"line":130,"column":18}},"54":{"start":{"line":131,"column":8},"end":{"line":133,"column":9}},"55":{"start":{"line":132,"column":12},"end":{"line":132,"column":35}},"56":{"start":{"line":135,"column":8},"end":{"line":135,"column":15}},"57":{"start":{"line":145,"column":18},"end":{"line":164,"column":5}},"58":{"start":{"line":146,"column":8},"end":{"line":146,"column":12}},"59":{"start":{"line":147,"column":12},"end":{"line":147,"column":36}},"60":{"start":{"line":152,"column":12},"end":{"line":151,"column":33}},"61":{"start":{"line":153,"column":12},"end":{"line":null,"column":-1}},"62":{"start":{"line":157,"column":12},"end":{"line":157,"column":22}},"63":{"start":{"line":158,"column":8},"end":{"line":160,"column":9}},"64":{"start":{"line":159,"column":12},"end":{"line":159,"column":43}},"65":{"start":{"line":173,"column":18},"end":{"line":175,"column":5}},"66":{"start":{"line":174,"column":8},"end":{"line":174,"column":57}},"67":{"start":{"line":184,"column":18},"end":{"line":186,"column":5}},"68":{"start":{"line":185,"column":8},"end":{"line":185,"column":58}},"69":{"start":{"line":195,"column":18},"end":{"line":197,"column":5}},"70":{"start":{"line":196,"column":8},"end":{"line":196,"column":58}},"71":{"start":{"line":206,"column":18},"end":{"line":208,"column":5}},"72":{"start":{"line":207,"column":8},"end":{"line":207,"column":58}},"73":{"start":{"line":217,"column":18},"end":{"line":219,"column":5}},"74":{"start":{"line":218,"column":8},"end":{"line":218,"column":32}},"75":{"start":{"line":228,"column":18},"end":{"line":230,"column":5}},"76":{"start":{"line":229,"column":8},"end":{"line":229,"column":34}},"77":{"start":{"line":238,"column":19},"end":{"line":249,"column":5}},"78":{"start":{"line":239,"column":12},"end":{"line":239,"column":19}},"79":{"start":{"line":240,"column":8},"end":{"line":247,"column":9}},"80":{"start":{"line":241,"column":12},"end":{"line":246,"column":13}},"81":{"start":{"line":242,"column":20},"end":{"line":242,"column":30}},"82":{"start":{"line":243,"column":16},"end":{"line":245,"column":17}},"83":{"start":{"line":244,"column":20},"end":{"line":244,"column":28}},"84":{"start":{"line":248,"column":8},"end":{"line":248,"column":19}},"85":{"start":{"line":257,"column":19},"end":{"line":264,"column":5}},"86":{"start":{"line":258,"column":12},"end":{"line":258,"column":30}},"87":{"start":{"line":259,"column":12},"end":{"line":259,"column":24}},"88":{"start":{"line":260,"column":8},"end":{"line":262,"column":9}},"89":{"start":{"line":261,"column":12},"end":{"line":261,"column":77}},"90":{"start":{"line":263,"column":8},"end":{"line":263,"column":15}},"91":{"start":{"line":271,"column":11},"end":{"line":282,"column":5}},"92":{"start":{"line":272,"column":8},"end":{"line":278,"column":69}},"93":{"start":{"line":332,"column":12},"end":{"line":373,"column":5}},"94":{"start":{"line":333,"column":12},"end":{"line":333,"column":19}},"95":{"start":{"line":336,"column":36},"end":{"line":null,"column":-1}},"96":{"start":{"line":340,"column":14},"end":{"line":340,"column":32}},"97":{"start":{"line":341,"column":12},"end":{"line":341,"column":35}},"98":{"start":{"line":343,"column":12},"end":{"line":343,"column":19}},"99":{"start":{"line":344,"column":12},"end":{"line":344,"column":28}},"100":{"start":{"line":345,"column":8},"end":{"line":357,"column":9}},"101":{"start":{"line":346,"column":16},"end":{"line":346,"column":27}},"102":{"start":{"line":345,"column":58},"end":{"line":356,"column":13}},"103":{"start":{"line":350,"column":16},"end":{"line":349,"column":38}},"104":{"start":{"line":351,"column":16},"end":{"line":null,"column":-1}},"105":{"start":{"line":354,"column":19},"end":{"line":356,"column":13}},"106":{"start":{"line":355,"column":16},"end":{"line":null,"column":-1}},"107":{"start":{"line":361,"column":12},"end":{"line":365,"column":13}},"108":{"start":{"line":362,"column":16},"end":{"line":362,"column":24}},"109":{"start":{"line":363,"column":19},"end":{"line":365,"column":13}},"110":{"start":{"line":364,"column":16},"end":{"line":364,"column":23}},"111":{"start":{"line":368,"column":8},"end":{"line":370,"column":9}},"112":{"start":{"line":369,"column":12},"end":{"line":369,"column":68}},"113":{"start":{"line":372,"column":8},"end":{"line":372,"column":48}},"114":{"start":{"line":383,"column":12},"end":{"line":399,"column":5}},"115":{"start":{"line":383,"column":66},"end":{"line":383,"column":65}},"116":{"start":{"line":384,"column":8},"end":{"line":384,"column":58}},"117":{"start":{"line":386,"column":8},"end":{"line":388,"column":9}},"118":{"start":{"line":387,"column":12},"end":{"line":387,"column":47}},"119":{"start":{"line":390,"column":8},"end":{"line":398,"column":9}},"120":{"start":{"line":391,"column":12},"end":{"line":397,"column":13}},"121":{"start":{"line":394,"column":16},"end":{"line":396,"column":17}},"122":{"start":{"line":395,"column":20},"end":{"line":395,"column":64}},"123":{"start":{"line":503,"column":0},"end":{"line":null,"column":-1}},"124":{"start":{"line":60,"column":13},"end":{"line":60,"column":17}}},"fnMap":{"0":{"name":"(anonymous_6)","decl":{"start":{"line":60,"column":0},"end":{"line":null,"column":-1}},"loc":{"start":{"line":60,"column":0},"end":{"line":60,"column":25}}},"1":{"name":"Tree","decl":{"start":{"line":288,"column":4},"end":{"line":288,"column":23}},"loc":{"start":{"line":288,"column":24},"end":{"line":323,"column":5}}},"2":{"name":"(anonymous_8)","decl":{"start":{"line":407,"column":35},"end":{"line":407,"column":35}},"loc":{"start":{"line":407,"column":54},"end":{"line":410,"column":5}}},"3":{"name":"(anonymous_9)","decl":{"start":{"line":419,"column":35},"end":{"line":419,"column":35}},"loc":{"start":{"line":419,"column":48},"end":{"line":421,"column":5}}},"4":{"name":"(anonymous_10)","decl":{"start":{"line":430,"column":31},"end":{"line":430,"column":31}},"loc":{"start":{"line":430,"column":32},"end":{"line":438,"column":5}}},"5":{"name":"(anonymous_11)","decl":{"start":{"line":450,"column":35},"end":{"line":450,"column":35}},"loc":{"start":{"line":450,"column":48},"end":{"line":471,"column":5}}},"6":{"name":"(anonymous_12)","decl":{"start":{"line":478,"column":29},"end":{"line":478,"column":29}},"loc":{"start":{"line":478,"column":30},"end":{"line":502,"column":5}}},"7":{"name":"(anonymous_13)","decl":{"start":{"line":492,"column":39},"end":{"line":492,"column":39}},"loc":{"start":{"line":492,"column":40},"end":{"line":498,"column":9}}},"8":{"name":"(anonymous_14)","decl":{"start":{"line":498,"column":11},"end":{"line":null,"column":-1}},"loc":{"start":{"line":498,"column":11},"end":{"line":501,"column":9}}},"9":{"name":"(anonymous_15)","decl":{"start":{"line":88,"column":4},"end":{"line":88,"column":26}},"loc":{"start":{"line":88,"column":46},"end":{"line":114,"column":5}}},"10":{"name":"(anonymous_16)","decl":{"start":{"line":125,"column":4},"end":{"line":125,"column":30}},"loc":{"start":{"line":125,"column":50},"end":{"line":136,"column":5}}},"11":{"name":"(anonymous_17)","decl":{"start":{"line":126,"column":8},"end":{"line":126,"column":31}},"loc":{"start":{"line":126,"column":8},"end":{"line":126,"column":29}}},"12":{"name":"(anonymous_18)","decl":{"start":{"line":145,"column":4},"end":{"line":145,"column":29}},"loc":{"start":{"line":145,"column":49},"end":{"line":164,"column":5}}},"13":{"name":"(anonymous_19)","decl":{"start":{"line":146,"column":8},"end":{"line":146,"column":33}},"loc":{"start":{"line":146,"column":8},"end":{"line":146,"column":29}}},"14":{"name":"(anonymous_20)","decl":{"start":{"line":173,"column":4},"end":{"line":173,"column":29}},"loc":{"start":{"line":173,"column":47},"end":{"line":175,"column":5}}},"15":{"name":"(anonymous_21)","decl":{"start":{"line":184,"column":4},"end":{"line":184,"column":30}},"loc":{"start":{"line":184,"column":48},"end":{"line":186,"column":5}}},"16":{"name":"(anonymous_22)","decl":{"start":{"line":195,"column":4},"end":{"line":195,"column":30}},"loc":{"start":{"line":195,"column":48},"end":{"line":197,"column":5}}},"17":{"name":"(anonymous_23)","decl":{"start":{"line":206,"column":4},"end":{"line":206,"column":30}},"loc":{"start":{"line":206,"column":48},"end":{"line":208,"column":5}}},"18":{"name":"(anonymous_24)","decl":{"start":{"line":217,"column":4},"end":{"line":217,"column":30}},"loc":{"start":{"line":217,"column":48},"end":{"line":219,"column":5}}},"19":{"name":"(anonymous_25)","decl":{"start":{"line":228,"column":4},"end":{"line":228,"column":29}},"loc":{"start":{"line":228,"column":47},"end":{"line":230,"column":5}}},"20":{"name":"(anonymous_26)","decl":{"start":{"line":238,"column":4},"end":{"line":238,"column":27}},"loc":{"start":{"line":238,"column":28},"end":{"line":249,"column":5}}},"21":{"name":"(anonymous_27)","decl":{"start":{"line":257,"column":4},"end":{"line":257,"column":36}},"loc":{"start":{"line":257,"column":37},"end":{"line":264,"column":5}}},"22":{"name":"(anonymous_28)","decl":{"start":{"line":271,"column":4},"end":{"line":null,"column":-1}},"loc":{"start":{"line":271,"column":4},"end":{"line":282,"column":5}}},"23":{"name":"(anonymous_29)","decl":{"start":{"line":332,"column":4},"end":{"line":332,"column":32}},"loc":{"start":{"line":332,"column":51},"end":{"line":373,"column":5}}},"24":{"name":"(anonymous_30)","decl":{"start":{"line":383,"column":4},"end":{"line":383,"column":30}},"loc":{"start":{"line":383,"column":66},"end":{"line":399,"column":5}}}},"branchMap":{"0":{"loc":{"start":{"line":288,"column":4},"end":{"line":289,"column":7}},"type":"binary-expr","locations":[{"start":{"line":288,"column":4},"end":{"line":289,"column":7}},{"start":{"line":288,"column":4},"end":{"line":289,"column":7}}]},"1":{"loc":{"start":{"line":431,"column":8},"end":{"line":437,"column":9}},"type":"if","locations":[{"start":{"line":431,"column":8},"end":{"line":437,"column":9}},{"start":{"line":431,"column":8},"end":{"line":437,"column":9}}]},"2":{"loc":{"start":{"line":432,"column":12},"end":{"line":436,"column":13}},"type":"if","locations":[{"start":{"line":432,"column":12},"end":{"line":436,"column":13}},{"start":{"line":432,"column":12},"end":{"line":436,"column":13}}]},"3":{"loc":{"start":{"line":453,"column":8},"end":{"line":470,"column":9}},"type":"if","locations":[{"start":{"line":453,"column":8},"end":{"line":470,"column":9}},{"start":{"line":453,"column":8},"end":{"line":470,"column":9}}]},"4":{"loc":{"start":{"line":453,"column":13},"end":{"line":453,"column":17}},"type":"binary-expr","locations":[{"start":{"line":453,"column":13},"end":{"line":453,"column":17}},{"start":{"line":453,"column":13},"end":{"line":453,"column":17}}]},"5":{"loc":{"start":{"line":454,"column":12},"end":{"line":456,"column":13}},"type":"if","locations":[{"start":{"line":454,"column":12},"end":{"line":456,"column":13}},{"start":{"line":454,"column":12},"end":{"line":456,"column":13}}]},"6":{"loc":{"start":{"line":457,"column":15},"end":{"line":470,"column":9}},"type":"if","locations":[{"start":{"line":457,"column":15},"end":{"line":470,"column":9}},{"start":{"line":457,"column":15},"end":{"line":470,"column":9}}]},"7":{"loc":{"start":{"line":457,"column":15},"end":{"line":457,"column":19}},"type":"binary-expr","locations":[{"start":{"line":457,"column":15},"end":{"line":457,"column":19}},{"start":{"line":457,"column":15},"end":{"line":457,"column":19}}]},"8":{"loc":{"start":{"line":460,"column":12},"end":{"line":462,"column":13}},"type":"if","locations":[{"start":{"line":460,"column":12},"end":{"line":462,"column":13}},{"start":{"line":460,"column":12},"end":{"line":462,"column":13}}]},"9":{"loc":{"start":{"line":88,"column":46},"end":{"line":88,"column":45}},"type":"if","locations":[{"start":{"line":88,"column":46},"end":{"line":88,"column":45}},{"start":{"line":88,"column":46},"end":{"line":88,"column":45}}]},"10":{"loc":{"start":{"line":92,"column":12},"end":{"line":91,"column":50}},"type":"if","locations":[{"start":{"line":92,"column":12},"end":{"line":91,"column":50}},{"start":{"line":92,"column":12},"end":{"line":91,"column":50}}]},"11":{"loc":{"start":{"line":98,"column":12},"end":{"line":100,"column":13}},"type":"if","locations":[{"start":{"line":98,"column":12},"end":{"line":100,"column":13}},{"start":{"line":98,"column":12},"end":{"line":100,"column":13}}]},"12":{"loc":{"start":{"line":109,"column":12},"end":{"line":111,"column":13}},"type":"if","locations":[{"start":{"line":109,"column":12},"end":{"line":111,"column":13}},{"start":{"line":109,"column":12},"end":{"line":111,"column":13}}]},"13":{"loc":{"start":{"line":240,"column":8},"end":{"line":247,"column":9}},"type":"if","locations":[{"start":{"line":240,"column":8},"end":{"line":247,"column":9}},{"start":{"line":240,"column":8},"end":{"line":247,"column":9}}]},"14":{"loc":{"start":{"line":243,"column":16},"end":{"line":245,"column":17}},"type":"if","locations":[{"start":{"line":243,"column":16},"end":{"line":245,"column":17}},{"start":{"line":243,"column":16},"end":{"line":245,"column":17}}]},"15":{"loc":{"start":{"line":345,"column":58},"end":{"line":356,"column":13}},"type":"if","locations":[{"start":{"line":345,"column":58},"end":{"line":356,"column":13}},{"start":{"line":345,"column":58},"end":{"line":356,"column":13}}]},"16":{"loc":{"start":{"line":354,"column":19},"end":{"line":356,"column":13}},"type":"if","locations":[{"start":{"line":354,"column":19},"end":{"line":356,"column":13}},{"start":{"line":354,"column":19},"end":{"line":356,"column":13}}]},"17":{"loc":{"start":{"line":361,"column":12},"end":{"line":365,"column":13}},"type":"if","locations":[{"start":{"line":361,"column":12},"end":{"line":365,"column":13}},{"start":{"line":361,"column":12},"end":{"line":365,"column":13}}]},"18":{"loc":{"start":{"line":363,"column":19},"end":{"line":365,"column":13}},"type":"if","locations":[{"start":{"line":363,"column":19},"end":{"line":365,"column":13}},{"start":{"line":363,"column":19},"end":{"line":365,"column":13}}]},"19":{"loc":{"start":{"line":368,"column":8},"end":{"line":370,"column":9}},"type":"if","locations":[{"start":{"line":368,"column":8},"end":{"line":370,"column":9}},{"start":{"line":368,"column":8},"end":{"line":370,"column":9}}]},"20":{"loc":{"start":{"line":383,"column":66},"end":{"line":383,"column":65}},"type":"if","locations":[{"start":{"line":383,"column":66},"end":{"line":383,"column":65}},{"start":{"line":383,"column":66},"end":{"line":383,"column":65}}]},"21":{"loc":{"start":{"line":386,"column":8},"end":{"line":388,"column":9}},"type":"if","locations":[{"start":{"line":386,"column":8},"end":{"line":388,"column":9}},{"start":{"line":386,"column":8},"end":{"line":388,"column":9}}]},"22":{"loc":{"start":{"line":386,"column":13},"end":{"line":386,"column":31}},"type":"binary-expr","locations":[{"start":{"line":386,"column":13},"end":{"line":386,"column":31}},{"start":{"line":386,"column":13},"end":{"line":386,"column":31}}]},"23":{"loc":{"start":{"line":390,"column":8},"end":{"line":398,"column":9}},"type":"if","locations":[{"start":{"line":390,"column":8},"end":{"line":398,"column":9}},{"start":{"line":390,"column":8},"end":{"line":398,"column":9}}]},"24":{"loc":{"start":{"line":391,"column":12},"end":{"line":397,"column":13}},"type":"if","locations":[{"start":{"line":391,"column":12},"end":{"line":397,"column":13}},{"start":{"line":391,"column":12},"end":{"line":397,"column":13}}]}},"s":{"0":1,"1":1,"2":1,"3":1,"4":1,"5":1,"6":1,"7":19,"8":19,"9":6,"10":6,"11":19,"12":4,"13":19,"14":21,"15":18,"16":1,"17":17,"18":19,"19":8,"20":2,"21":1,"22":6,"23":4,"24":3,"25":4,"26":4,"27":2,"28":2,"29":19,"30":3,"31":1,"32":1,"33":1,"34":2,"35":1,"36":1,"37":1,"38":1,"39":312,"40":228,"41":228,"42":455,"43":196,"44":259,"45":455,"46":258,"47":455,"48":142,"49":228,"50":1,"51":66,"52":114,"53":66,"54":66,"55":48,"56":66,"57":1,"58":41,"59":76,"60":21,"61":21,"62":20,"63":20,"64":15,"65":1,"66":20,"67":1,"68":6,"69":1,"70":2,"71":1,"72":13,"73":1,"74":3,"75":1,"76":7,"77":1,"78":214,"79":214,"80":95,"81":189,"82":189,"83":118,"84":214,"85":1,"86":25,"87":25,"88":25,"89":71,"90":25,"91":1,"92":25,"93":1,"94":12,"95":5,"96":7,"97":7,"98":7,"99":7,"100":7,"101":13,"102":13,"103":3,"104":3,"105":10,"106":5,"107":4,"108":1,"109":3,"110":3,"111":7,"112":5,"113":7,"114":1,"115":20,"116":13,"117":13,"118":5,"119":13,"120":4,"121":3,"122":7,"123":1,"124":1},"f":{"0":1,"1":19,"2":6,"3":4,"4":21,"5":8,"6":3,"7":1,"8":1,"9":228,"10":66,"11":114,"12":41,"13":76,"14":20,"15":6,"16":2,"17":13,"18":3,"19":7,"20":214,"21":25,"22":25,"23":12,"24":13},"b":{"0":[19,19],"1":[18,3],"2":[1,17],"3":[2,6],"4":[8,3],"5":[1,1],"6":[4,2],"7":[6,5],"8":[3,1],"9":[84,144],"10":[196,259],"11":[258,197],"12":[142,313],"13":[95,119],"14":[118,71],"15":[3,10],"16":[5,5],"17":[1,3],"18":[3,0],"19":[5,2],"20":[7,6],"21":[5,8],"22":[13,6],"23":[4,9],"24":[3,1]}}
}
