TN:
SF:/home/levente/WebstormProjects/IBT/src/components/CheckboxButton.tsx
FN:28,(anonymous_5)
FN:29,(anonymous_7)
FN:51,(anonymous_8)
FNF:3
FNH:3
FNDA:83,(anonymous_5)
FNDA:103,(anonymous_7)
FNDA:7,(anonymous_8)
DA:1,2
DA:28,2
DA:29,103
DA:33,103
DA:35,88
DA:36,88
DA:37,88
DA:39,5
DA:40,5
DA:41,5
DA:43,9
DA:44,9
DA:45,9
DA:47,1
DA:50,103
DA:51,7
DA:56,2
LF:17
LH:17
BRDA:34,0,0,88
BRDA:34,0,1,5
BRDA:34,0,2,9
BRDA:34,0,3,1
BRF:4
BRH:4
end_of_record
TN:
SF:/home/levente/WebstormProjects/IBT/src/components/ExpandButton.tsx
FN:17,(anonymous_5)
FN:18,(anonymous_7)
FN:31,(anonymous_8)
FNF:3
FNH:3
FNDA:75,(anonymous_5)
FNDA:97,(anonymous_7)
FNDA:4,(anonymous_8)
DA:1,2
DA:17,2
DA:18,97
DA:20,97
DA:21,1
DA:22,96
DA:23,2
DA:24,94
DA:25,49
DA:27,45
DA:30,97
DA:31,4
DA:36,2
LF:13
LH:13
BRDA:20,0,0,1
BRDA:20,0,1,96
BRDA:22,1,0,2
BRDA:22,1,1,94
BRDA:24,2,0,49
BRDA:24,2,1,45
BRF:6
BRH:6
end_of_record
TN:
SF:/home/levente/WebstormProjects/IBT/src/components/Node.tsx
FN:89,(anonymous_6)
FN:236,Node
FN:107,(anonymous_8)
FN:128,(anonymous_9)
FN:254,(anonymous_10)
FN:266,(anonymous_11)
FN:278,(anonymous_12)
FN:288,(anonymous_13)
FNF:8
FNH:8
FNDA:2,(anonymous_6)
FNDA:145,Node
FNDA:76,(anonymous_8)
FNDA:188,(anonymous_9)
FNDA:7,(anonymous_10)
FNDA:4,(anonymous_11)
FNDA:9,(anonymous_12)
FNDA:188,(anonymous_13)
DA:1,2
DA:2,2
DA:3,2
DA:89,2
DA:107,2
DA:108,76
DA:109,74
DA:110,74
DA:111,170
DA:119,74
DA:120,2
DA:128,2
DA:130,188
DA:133,188
DA:145,188
DA:146,97
DA:158,91
DA:159,91
DA:163,188
DA:164,188
DA:165,187
DA:166,1
DA:167,186
DA:168,1
DA:170,185
DA:175,188
DA:176,188
DA:177,28
DA:178,1
DA:180,27
DA:185,188
DA:186,165
DA:190,188
DA:196,188
DA:197,187
DA:198,187
DA:200,1
DA:201,1
DA:205,188
DA:206,1
DA:209,188
DA:210,13
DA:213,188
DA:214,28
DA:217,188
DA:237,145
DA:239,145
DA:240,23
DA:243,145
DA:245,145
DA:246,145
DA:247,145
DA:254,2
DA:255,7
DA:256,6
DA:266,2
DA:267,4
DA:268,3
DA:271,4
DA:278,2
DA:279,9
DA:280,8
DA:288,2
DA:289,188
DA:291,2
DA:296,2
LF:66
LH:66
BRDA:237,0,0,145
BRDA:237,0,1,145
BRDA:239,1,0,23
BRDA:239,1,1,122
BRDA:108,2,0,74
BRDA:108,2,1,2
BRDA:134,3,0,103
BRDA:134,3,1,85
BRDA:133,4,0,188
BRDA:133,4,1,185
BRDA:145,5,0,97
BRDA:145,5,1,91
BRDA:145,6,0,188
BRDA:145,6,1,73
BRDA:145,6,2,115
BRDA:164,7,0,187
BRDA:164,7,1,1
BRDA:165,8,0,1
BRDA:165,8,1,186
BRDA:165,9,0,187
BRDA:165,9,1,187
BRDA:167,10,0,1
BRDA:167,10,1,185
BRDA:176,11,0,28
BRDA:176,11,1,160
BRDA:177,12,0,1
BRDA:177,12,1,27
BRDA:185,13,0,165
BRDA:185,13,1,23
BRDA:185,14,0,188
BRDA:185,14,1,188
BRDA:191,15,0,51
BRDA:191,15,1,137
BRDA:196,16,0,187
BRDA:196,16,1,1
BRDA:205,17,0,1
BRDA:205,17,1,187
BRDA:209,18,0,13
BRDA:209,18,1,175
BRDA:213,19,0,28
BRDA:213,19,1,160
BRDA:255,20,0,6
BRDA:255,20,1,1
BRDA:255,21,0,7
BRDA:255,21,1,7
BRDA:267,22,0,3
BRDA:267,22,1,1
BRDA:267,23,0,4
BRDA:267,23,1,3
BRDA:279,24,0,8
BRDA:279,24,1,1
BRDA:279,25,0,9
BRDA:279,25,1,9
BRF:53
BRH:53
end_of_record
TN:
SF:/home/levente/WebstormProjects/IBT/src/components/Tree.tsx
FN:60,(anonymous_6)
FN:288,Tree
FN:407,(anonymous_8)
FN:419,(anonymous_9)
FN:430,(anonymous_10)
FN:450,(anonymous_11)
FN:478,(anonymous_12)
FN:492,(anonymous_13)
FN:498,(anonymous_14)
FN:88,(anonymous_15)
FN:125,(anonymous_16)
FN:126,(anonymous_17)
FN:145,(anonymous_18)
FN:146,(anonymous_19)
FN:173,(anonymous_20)
FN:184,(anonymous_21)
FN:195,(anonymous_22)
FN:206,(anonymous_23)
FN:217,(anonymous_24)
FN:228,(anonymous_25)
FN:238,(anonymous_26)
FN:257,(anonymous_27)
FN:271,(anonymous_28)
FN:332,(anonymous_29)
FN:383,(anonymous_30)
FNF:25
FNH:25
FNDA:1,(anonymous_6)
FNDA:19,Tree
FNDA:6,(anonymous_8)
FNDA:4,(anonymous_9)
FNDA:21,(anonymous_10)
FNDA:8,(anonymous_11)
FNDA:3,(anonymous_12)
FNDA:1,(anonymous_13)
FNDA:1,(anonymous_14)
FNDA:228,(anonymous_15)
FNDA:66,(anonymous_16)
FNDA:114,(anonymous_17)
FNDA:41,(anonymous_18)
FNDA:76,(anonymous_19)
FNDA:20,(anonymous_20)
FNDA:6,(anonymous_21)
FNDA:2,(anonymous_22)
FNDA:13,(anonymous_23)
FNDA:3,(anonymous_24)
FNDA:7,(anonymous_25)
FNDA:214,(anonymous_26)
FNDA:25,(anonymous_27)
FNDA:25,(anonymous_28)
FNDA:12,(anonymous_29)
FNDA:13,(anonymous_30)
DA:1,1
DA:2,1
DA:3,1
DA:4,1
DA:5,1
DA:60,1
DA:88,312
DA:89,228
DA:91,228
DA:92,455
DA:93,196
DA:95,259
DA:98,455
DA:99,258
DA:109,455
DA:110,142
DA:113,228
DA:125,1
DA:126,66
DA:127,114
DA:130,66
DA:131,66
DA:132,48
DA:135,66
DA:145,1
DA:146,41
DA:147,76
DA:152,21
DA:153,21
DA:157,20
DA:158,20
DA:159,15
DA:173,1
DA:174,20
DA:184,1
DA:185,6
DA:195,1
DA:196,2
DA:206,1
DA:207,13
DA:217,1
DA:218,3
DA:228,1
DA:229,7
DA:238,1
DA:239,214
DA:240,214
DA:241,95
DA:242,189
DA:243,189
DA:244,118
DA:248,214
DA:257,1
DA:258,25
DA:259,25
DA:260,25
DA:261,71
DA:263,25
DA:271,1
DA:272,25
DA:288,19
DA:332,1
DA:333,12
DA:336,5
DA:340,7
DA:341,7
DA:343,7
DA:344,7
DA:345,13
DA:346,13
DA:350,3
DA:351,3
DA:354,10
DA:355,5
DA:361,4
DA:362,1
DA:363,3
DA:364,3
DA:368,7
DA:369,5
DA:372,7
DA:383,20
DA:384,13
DA:386,13
DA:387,5
DA:390,13
DA:391,4
DA:394,3
DA:395,7
DA:407,19
DA:408,6
DA:409,6
DA:419,19
DA:420,4
DA:430,19
DA:431,21
DA:432,18
DA:433,1
DA:435,17
DA:450,19
DA:453,8
DA:454,2
DA:455,1
DA:457,6
DA:460,4
DA:461,3
DA:465,4
DA:468,2
DA:469,2
DA:478,19
DA:479,3
DA:484,1
DA:485,1
DA:486,1
DA:492,2
DA:493,1
DA:494,1
DA:500,1
DA:503,1
LF:119
LH:119
BRDA:288,0,0,19
BRDA:288,0,1,19
BRDA:431,1,0,18
BRDA:431,1,1,3
BRDA:432,2,0,1
BRDA:432,2,1,17
BRDA:453,3,0,2
BRDA:453,3,1,6
BRDA:453,4,0,8
BRDA:453,4,1,3
BRDA:454,5,0,1
BRDA:454,5,1,1
BRDA:457,6,0,4
BRDA:457,6,1,2
BRDA:457,7,0,6
BRDA:457,7,1,5
BRDA:460,8,0,3
BRDA:460,8,1,1
BRDA:88,9,0,84
BRDA:88,9,1,144
BRDA:92,10,0,196
BRDA:92,10,1,259
BRDA:98,11,0,258
BRDA:98,11,1,197
BRDA:109,12,0,142
BRDA:109,12,1,313
BRDA:240,13,0,95
BRDA:240,13,1,119
BRDA:243,14,0,118
BRDA:243,14,1,71
BRDA:345,15,0,3
BRDA:345,15,1,10
BRDA:354,16,0,5
BRDA:354,16,1,5
BRDA:361,17,0,1
BRDA:361,17,1,3
BRDA:363,18,0,3
BRDA:363,18,1,0
BRDA:368,19,0,5
BRDA:368,19,1,2
BRDA:383,20,0,7
BRDA:383,20,1,6
BRDA:386,21,0,5
BRDA:386,21,1,8
BRDA:386,22,0,13
BRDA:386,22,1,6
BRDA:390,23,0,4
BRDA:390,23,1,9
BRDA:391,24,0,3
BRDA:391,24,1,1
BRF:50
BRH:49
end_of_record
